<?xml version="1.0" encoding="UTF-8"?>
<testsuite xmlns:xsi="http://www.w3.org/2001/XMLSchema-instance" xsi:noNamespaceSchemaLocation="https://maven.apache.org/surefire/maven-surefire-plugin/xsd/surefire-test-report-3.0.xsd" version="3.0" name="cool.zest.logicdemo.LogicDemoApplicationTests" time="8.519" tests="1" errors="0" skipped="0" failures="0">
  <properties>
[...]
</properties>
  <testcase name="contextLoads" classname="cool.zest.logicdemo.LogicDemoApplicationTests" time="1.566">
    <system-out><![CDATA[16:32:05.231 [main] INFO org.springframework.test.context.support.AnnotationConfigContextLoaderUtils -- Could not detect default configuration classes for test class [cool.zest.logicdemo.LogicDemoApplicationTests]: LogicDemoApplicationTests does not declare any static, non-private, non-final, nested classes annotated with @Configuration.
16:32:05.510 [main] INFO org.springframework.boot.test.context.SpringBootTestContextBootstrapper -- Found @SpringBootConfiguration cool.zest.logicdemo.LogicDemoApplication for test class cool.zest.logicdemo.LogicDemoApplicationTests

  .   ____          _            __ _ _
 /\\ / ___'_ __ _ _(_)_ __  __ _ \ \ \ \
( ( )\___ | '_ | '_| | '_ \/ _` | \ \ \ \
 \\/  ___)| |_)| | | | | || (_| |  ) ) ) )
  '  |____| .__|_| |_|_| |_\__, | / / / /
 =========|_|==============|___/=/_/_/_/
 :: Spring Boot ::                (v3.2.0)

2024-04-25T16:32:06.480+08:00  INFO 10068 --- [           main] c.z.logicdemo.LogicDemoApplicationTests  : Starting LogicDemoApplicationTests using Java 17.0.9 with PID 10068 (started by zest in D:\workspace\LLRP\后端\Logic-LRP)
2024-04-25T16:32:06.487+08:00  INFO 10068 --- [           main] c.z.logicdemo.LogicDemoApplicationTests  : No active profile set, falling back to 1 default profile: "default"
2024-04-25T16:32:08.488+08:00  INFO 10068 --- [           main] .s.d.r.c.RepositoryConfigurationDelegate : Multiple Spring Data modules found, entering strict repository configuration mode
2024-04-25T16:32:08.494+08:00  INFO 10068 --- [           main] .s.d.r.c.RepositoryConfigurationDelegate : Bootstrapping Spring Data Redis repositories in DEFAULT mode.
2024-04-25T16:32:08.556+08:00  INFO 10068 --- [           main] .s.d.r.c.RepositoryConfigurationDelegate : Finished Spring Data repository scanning in 17 ms. Found 0 Redis repository interfaces.
2024-04-25T16:32:10.689+08:00 ERROR 10068 --- [           main] o.a.catalina.core.AprLifecycleListener   : An incompatible version [1.2.30] of the Apache Tomcat Native library is installed, while Tomcat requires version [1.2.34]
2024-04-25T16:32:11.734+08:00  INFO 10068 --- [           main] c.z.logicdemo.LogicDemoApplicationTests  : Started LogicDemoApplicationTests in 5.847 seconds (process running for 8.347)
]]></system-out>
  </testcase>
</testsuite>